

Restart Service :So 3. Mär 21:58:32 CET 2019
Configuration Version: 0.2
Express server listening on port 80
Express server listening on port 443
[0mGET /library [36m304 [0m42.561 ms - -[0m
[0mGET /library?SID=A [32m200 [0m22.527 ms - -[0m
[0mGET /library?SID=A [33m401 [0m0.569 ms - 0[0m
[0mGET /library?SID=A [32m200 [0m24.150 ms - -[0m
[0mGET /library?SID=A [36m304 [0m14.200 ms - -[0m
[session-file-store] Deleting expired sessions
[session-file-store] Deleting expired sessions
[session-file-store] Deleting expired sessions
[session-file-store] Deleting expired sessions
[session-file-store] Deleting expired sessions
[session-file-store] Deleting expired sessions
[session-file-store] Deleting expired sessions
[session-file-store] Deleting expired sessions
[0mGET / [33m401 [0m0.332 ms - 0[0m
[session-file-store] Deleting expired sessions
[session-file-store] Deleting expired sessions
[session-file-store] Deleting expired sessions
[session-file-store] Deleting expired sessions
[session-file-store] Deleting expired sessions
